<?xml version="1.0" encoding="UTF-8"?>
<testsuite xmlns:xsi="http://www.w3.org/2001/XMLSchema-instance" xsi:noNamespaceSchemaLocation="https://maven.apache.org/surefire/maven-surefire-plugin/xsd/surefire-test-report.xsd" name="com.ibm.products.controller.ProductControllerTest" time="3.59" tests="1" errors="1" skipped="0" failures="0">
  <properties>
[...]
</properties>
  <testcase name="testFindAll_shouldReturnOk" classname="com.ibm.products.controller.ProductControllerTest" time="0.275">
    <error message="Handler dispatch failed: java.lang.NoSuchMethodError: org/json/JSONObject.put(Ljava/lang/String;Ljava/util/Collection;)Lorg/json/JSONObject; (loaded from file:/C:/Users/111147781/.m2/repository/com/vaadin/external/google/android-json/0.0.20131108.vaadin1/android-json-0.0.20131108.vaadin1.jar by jdk.internal.loader.ClassLoaders$AppClassLoader@be2d1de1) called from class com.ibm.products.service.impl.ProductServiceImpl (loaded from file:/C:/Users/111147781/Documents/Work/GiveBack/DemoWorkspace/products/target/classes/ by jdk.internal.loader.ClassLoaders$AppClassLoader@be2d1de1)." type="jakarta.servlet.ServletException">jakarta.servlet.ServletException: Handler dispatch failed: java.lang.NoSuchMethodError: org/json/JSONObject.put(Ljava/lang/String;Ljava/util/Collection;)Lorg/json/JSONObject; (loaded from file:/C:/Users/111147781/.m2/repository/com/vaadin/external/google/android-json/0.0.20131108.vaadin1/android-json-0.0.20131108.vaadin1.jar by jdk.internal.loader.ClassLoaders$AppClassLoader@be2d1de1) called from class com.ibm.products.service.impl.ProductServiceImpl (loaded from file:/C:/Users/111147781/Documents/Work/GiveBack/DemoWorkspace/products/target/classes/ by jdk.internal.loader.ClassLoaders$AppClassLoader@be2d1de1).
	at com.ibm.products.controller.ProductControllerTest.testFindAll_shouldReturnOk(ProductControllerTest.java:25)
Caused by: java.lang.NoSuchMethodError: org/json/JSONObject.put(Ljava/lang/String;Ljava/util/Collection;)Lorg/json/JSONObject; (loaded from file:/C:/Users/111147781/.m2/repository/com/vaadin/external/google/android-json/0.0.20131108.vaadin1/android-json-0.0.20131108.vaadin1.jar by jdk.internal.loader.ClassLoaders$AppClassLoader@be2d1de1) called from class com.ibm.products.service.impl.ProductServiceImpl (loaded from file:/C:/Users/111147781/Documents/Work/GiveBack/DemoWorkspace/products/target/classes/ by jdk.internal.loader.ClassLoaders$AppClassLoader@be2d1de1).
	at com.ibm.products.controller.ProductControllerTest.testFindAll_shouldReturnOk(ProductControllerTest.java:25)
</error>
    <system-out><![CDATA[12:17:49.012 [main] DEBUG org.springframework.boot.test.context.SpringBootTestContextBootstrapper -- Neither @ContextConfiguration nor @ContextHierarchy found for test class [ProductControllerTest]: using SpringBootContextLoader
12:17:49.015 [main] DEBUG org.springframework.test.context.support.AbstractContextLoader -- Could not detect default resource locations for test class [com.ibm.products.controller.ProductControllerTest]: no resource found for suffixes {-context.xml, Context.groovy}.
12:17:49.016 [main] INFO org.springframework.test.context.support.AnnotationConfigContextLoaderUtils -- Could not detect default configuration classes for test class [com.ibm.products.controller.ProductControllerTest]: ProductControllerTest does not declare any static, non-private, non-final, nested classes annotated with @Configuration.
12:17:49.051 [main] DEBUG org.springframework.boot.test.context.SpringBootTestContextBootstrapper -- Using ContextCustomizers for test class [ProductControllerTest]: [ImportsContextCustomizer, ExcludeFilterContextCustomizer, DuplicateJsonObjectContextCustomizer, MockitoContextCustomizer, TestRestTemplateContextCustomizer, DisableObservabilityContextCustomizer, PropertyMappingContextCustomizer, WebDriverContextCustomizer]
12:17:49.129 [main] DEBUG org.springframework.context.annotation.ClassPathScanningCandidateComponentProvider -- Identified candidate component class: file [C:\Users\111147781\Documents\Work\GiveBack\DemoWorkspace\products\target\classes\com\ibm\products\ProductsApplication.class]
12:17:49.131 [main] INFO org.springframework.boot.test.context.SpringBootTestContextBootstrapper -- Found @SpringBootConfiguration com.ibm.products.ProductsApplication for test class com.ibm.products.controller.ProductControllerTest
12:17:49.222 [main] DEBUG org.springframework.test.context.util.TestContextSpringFactoriesUtils -- Skipping candidate TestExecutionListener [org.springframework.test.context.observation.MicrometerObservationRegistryTestExecutionListener] due to a missing dependency. Specify custom TestExecutionListener classes or make the default TestExecutionListener classes and their required dependencies available. Offending class: io.micrometer.context.ThreadLocalAccessor. MicrometerObservationRegistryTestExecutionListener requires io.micrometer:micrometer-observation:1.10.8 or higher and io.micrometer:context-propagation:1.0.3 or higher.
12:17:49.231 [main] DEBUG org.springframework.boot.test.context.SpringBootTestContextBootstrapper -- Using TestExecutionListeners for test class [ProductControllerTest]: [ServletTestExecutionListener, DirtiesContextBeforeModesTestExecutionListener, ApplicationEventsTestExecutionListener, MockitoTestExecutionListener, DependencyInjectionTestExecutionListener, DirtiesContextTestExecutionListener, TransactionalTestExecutionListener, SqlScriptsTestExecutionListener, EventPublishingTestExecutionListener, ResetMocksTestExecutionListener, RestDocsTestExecutionListener, MockRestServiceServerResetTestExecutionListener, MockMvcPrintOnlyOnFailureTestExecutionListener, WebDriverTestExecutionListener, MockWebServiceServerTestExecutionListener]
12:17:49.233 [main] DEBUG org.springframework.test.context.support.DirtiesContextBeforeModesTestExecutionListener -- Before test class: class [ProductControllerTest], class annotated with @DirtiesContext [false] with mode [null]

  .   ____          _            __ _ _
 /\\ / ___'_ __ _ _(_)_ __  __ _ \ \ \ \
( ( )\___ | '_ | '_| | '_ \/ _` | \ \ \ \
 \\/  ___)| |_)| | | | | || (_| |  ) ) ) )
  '  |____| .__|_| |_|_| |_\__, | / / / /
 =========|_|==============|___/=/_/_/_/
 :: Spring Boot ::               (v3.0.11)

2023-09-27 12:17:49.563  WARN 15964 --- [           main] ory$DuplicateJsonObjectContextCustomizer : 

Found multiple occurrences of org.json.JSONObject on the class path:

	jar:file:/C:/Users/111147781/.m2/repository/com/vaadin/external/google/android-json/0.0.20131108.vaadin1/android-json-0.0.20131108.vaadin1.jar!/org/json/JSONObject.class
	jar:file:/C:/Users/111147781/.m2/repository/org/json/json/20230227/json-20230227.jar!/org/json/JSONObject.class

You may wish to exclude one of them to ensure predictable runtime behavior

2023-09-27 12:17:49.581  INFO 15964 --- [           main] c.i.p.controller.ProductControllerTest   : Starting ProductControllerTest using Java 17.0.8 with PID 15964 (started by 111147781 in C:\Users\111147781\Documents\Work\GiveBack\DemoWorkspace\products)
2023-09-27 12:17:49.582 DEBUG 15964 --- [           main] c.i.p.controller.ProductControllerTest   : Running with Spring Boot v3.0.11, Spring v6.0.12
2023-09-27 12:17:49.582  INFO 15964 --- [           main] c.i.p.controller.ProductControllerTest   : The following 1 profile is active: "development"
2023-09-27 12:17:50.117  INFO 15964 --- [           main] .s.d.r.c.RepositoryConfigurationDelegate : Bootstrapping Spring Data JPA repositories in DEFAULT mode.
2023-09-27 12:17:50.168  INFO 15964 --- [           main] .s.d.r.c.RepositoryConfigurationDelegate : Finished Spring Data repository scanning in 42 ms. Found 1 JPA repository interfaces.
2023-09-27 12:17:50.519  INFO 15964 --- [           main] com.zaxxer.hikari.HikariDataSource       : HikariPool-1 - Starting...
2023-09-27 12:17:50.658  INFO 15964 --- [           main] com.zaxxer.hikari.pool.HikariPool        : HikariPool-1 - Added connection conn0: url=jdbc:h2:mem:12a04c50-af2d-4f55-b35c-13476af1cd39 user=SA
2023-09-27 12:17:50.659  INFO 15964 --- [           main] com.zaxxer.hikari.HikariDataSource       : HikariPool-1 - Start completed.
2023-09-27 12:17:50.702  INFO 15964 --- [           main] o.hibernate.jpa.internal.util.LogHelper  : HHH000204: Processing PersistenceUnitInfo [name: default]
2023-09-27 12:17:50.740  INFO 15964 --- [           main] org.hibernate.Version                    : HHH000412: Hibernate ORM core version 6.1.7.Final
2023-09-27 12:17:50.979  INFO 15964 --- [           main] SQL dialect                              : HHH000400: Using dialect: org.hibernate.dialect.H2Dialect
2023-09-27 12:17:51.523  INFO 15964 --- [           main] o.h.t.schema.internal.SchemaCreatorImpl  : HHH000476: Executing import script 'file:/C:/Users/111147781/Documents/Work/GiveBack/DemoWorkspace/products/target/classes/import.sql'
2023-09-27 12:17:51.529  INFO 15964 --- [           main] o.h.e.t.j.p.i.JtaPlatformInitiator       : HHH000490: Using JtaPlatform implementation: [org.hibernate.engine.transaction.jta.platform.internal.NoJtaPlatform]
2023-09-27 12:17:51.537  INFO 15964 --- [           main] j.LocalContainerEntityManagerFactoryBean : Initialized JPA EntityManagerFactory for persistence unit 'default'
2023-09-27 12:17:51.858  WARN 15964 --- [           main] JpaBaseConfiguration$JpaWebConfiguration : spring.jpa.open-in-view is enabled by default. Therefore, database queries may be performed during view rendering. Explicitly configure spring.jpa.open-in-view to disable this warning
2023-09-27 12:17:52.112  INFO 15964 --- [           main] o.s.b.t.m.w.SpringBootMockServletContext : Initializing Spring TestDispatcherServlet ''
2023-09-27 12:17:52.112  INFO 15964 --- [           main] o.s.t.web.servlet.TestDispatcherServlet  : Initializing Servlet ''
2023-09-27 12:17:52.114  INFO 15964 --- [           main] o.s.t.web.servlet.TestDispatcherServlet  : Completed initialization in 1 ms
2023-09-27 12:17:52.136  INFO 15964 --- [           main] c.i.p.controller.ProductControllerTest   : Started ProductControllerTest in 2.861 seconds (process running for 3.919)
]]></system-out>
  </testcase>
</testsuite>